<?xml version="1.0" encoding="UTF-8"?>
<!-- Generated by org.testng.reporters.JUnitReportReporter -->
<testsuite hostname="DESKTOP-PU642GA" failures="0" tests="2" name="testscript.Runner" time="8.444" errors="0" timestamp="2023-05-24T18:57:29 IST" skipped="0">
  <testcase classname="testscript.Runner" name="ru" time="4.541"/>
  <system-out/>
  <testcase classname="testscript.Runner" name="ru" time="3.903"/>
  <system-out/>
</testsuite> <!-- testscript.Runner -->
